[21:27:20] * message: Account 'makerbrane': Connecting to IMAP server: mail.makerbrane.com:993...
[21:27:21] IMAP< * OK [CAPABILITY IMAP4rev1 LITERAL+ SASL-IR LOGIN-REFERRALS ID ENABLE IDLE AUTH=PLAIN AUTH=LOGIN] Dovecot ready. 
[21:27:21] * message: IMAP connection is un-authenticated
[21:27:21] IMAP> 1 CAPABILITY 
[21:27:21] IMAP< * CAPABILITY IMAP4rev1 LITERAL+ SASL-IR LOGIN-REFERRALS ID ENABLE IDLE AUTH=PLAIN AUTH=LOGIN 
[21:27:21] IMAP< 1 OK Pre-login capabilities listed, post-login capabilities have more. 
[21:27:21] IMAP> Logging yasser@makerbrane.com to mail.makerbrane.com using PLAIN
[21:27:22] IMAP< Logged in
[21:27:22] IMAP< Login to mail.makerbrane.com successful
[21:27:22] IMAP> 3 LIST "" "" 
[21:27:22] IMAP< * LIST (\Noselect) "." "" 
[21:27:22] IMAP< 3 OK List completed (0.000 + 0.000 secs). 
[21:27:22] IMAP> 4 STATUS INBOX (MESSAGES UIDNEXT UIDVALIDITY UNSEEN) 
[21:27:22] IMAP< * STATUS INBOX (MESSAGES 20 UIDNEXT 192 UIDVALIDITY 1504791804 UNSEEN 0) 
[21:27:22] IMAP< 4 OK Status completed (0.000 + 0.000 secs). 
[21:27:22] IMAP> 5 SELECT INBOX 
[21:27:22] IMAP< * FLAGS (\Answered \Flagged \Deleted \Seen \Draft) 
[21:27:22] IMAP< * OK [PERMANENTFLAGS (\Answered \Flagged \Deleted \Seen \Draft \*)] Flags permitted. 
[21:27:22] IMAP< * 20 EXISTS 
[21:27:22] IMAP< * 0 RECENT 
[21:27:22] IMAP< * OK [UIDVALIDITY 1504791804] UIDs valid 
[21:27:22] IMAP< * OK [UIDNEXT 192] Predicted next UID 
[21:27:22] IMAP< * OK [HIGHESTMODSEQ 1] Highest 
[21:27:22] IMAP< 5 OK [READ-WRITE] Select completed (0.000 + 0.000 secs). 
[21:27:22] IMAP- [fetching UIDs...]
[21:27:22] IMAP> 6 UID FETCH 1:* (UID) 
[21:27:23] IMAP< [FETCH data - 475 bytes]
[21:27:23] IMAP- [fetching flags...]
[21:27:23] IMAP> 7 UID FETCH 1:* (FLAGS UID) 
[21:27:23] IMAP< [FETCH data - 755 bytes]
[21:27:23] IMAP> 8 STATUS "INBOX.Sent" (MESSAGES UIDNEXT UIDVALIDITY UNSEEN) 
[21:27:23] IMAP< * STATUS INBOX.Sent (MESSAGES 6 UIDNEXT 14 UIDVALIDITY 1504791804 UNSEEN 0) 
[21:27:23] IMAP< 8 OK Status completed (0.000 + 0.000 secs). 
[21:27:23] IMAP> 9 STATUS "INBOX.Queue" (MESSAGES UIDNEXT UIDVALIDITY UNSEEN) 
[21:27:23] IMAP< * STATUS INBOX.Queue (MESSAGES 0 UIDNEXT 1 UIDVALIDITY 1533818130 UNSEEN 0) 
[21:27:23] IMAP< 9 OK Status completed (0.000 + 0.000 secs). 
[21:27:23] IMAP> 10 STATUS "INBOX.Trash" (MESSAGES UIDNEXT UIDVALIDITY UNSEEN) 
[21:27:24] IMAP< * STATUS INBOX.Trash (MESSAGES 0 UIDNEXT 1 UIDVALIDITY 1533818131 UNSEEN 0) 
[21:27:24] IMAP< 10 OK Status completed (0.000 + 0.000 secs). 
[21:27:24] * message: Account 'Work': Connecting to IMAP server: imap.gmail.com:993...
[21:27:24] IMAP< * OK Gimap ready for requests from 77.42.227.197 p21-v6mb112802656ljg 
[21:27:24] * message: IMAP connection is un-authenticated
[21:27:24] IMAP> 1 CAPABILITY 
[21:27:24] IMAP< * CAPABILITY IMAP4rev1 UNSELECT IDLE NAMESPACE QUOTA ID XLIST CHILDREN X-GM-EXT-1 XYZZY SASL-IR AUTH=XOAUTH2 AUTH=PLAIN AUTH=PLAIN-CLIENTTOKEN AUTH=OAUTHBEARER AUTH=XOAUTH 
[21:27:24] IMAP< 1 OK Thats all she wrote! p21-v6mb112802656ljg 
[21:27:24] IMAP> Logging yassser.kaddoura@gmail.com to imap.gmail.com using PLAIN
[21:27:25] IMAP< yassser.kaddoura@gmail.com authenticated (Success)
[21:27:25] IMAP< Login to imap.gmail.com successful
[21:27:25] IMAP> 3 LIST "" "" 
[21:27:25] IMAP< * LIST (\Noselect) "/" "/" 
[21:27:25] IMAP< 3 OK Success 
[21:27:25] IMAP> 4 STATUS INBOX (MESSAGES UIDNEXT UIDVALIDITY UNSEEN) 
[21:27:25] IMAP< * STATUS "INBOX" (MESSAGES 6 UIDNEXT 82 UIDVALIDITY 1 UNSEEN 0) 
[21:27:25] IMAP< 4 OK Success 
[21:27:25] IMAP> 5 SELECT INBOX 
[21:27:25] IMAP< * FLAGS (\Answered \Flagged \Draft \Deleted \Seen $NotPhishing $Phishing Junk NonJunk) 
[21:27:25] IMAP< * OK [PERMANENTFLAGS (\Answered \Flagged \Draft \Deleted \Seen $NotPhishing $Phishing Junk NonJunk \*)] Flags permitted. 
[21:27:25] IMAP< * OK [UIDVALIDITY 1] UIDs valid. 
[21:27:25] IMAP< * 6 EXISTS 
[21:27:25] IMAP< * 
[21:27:25] IMAP< 0 RECENT 
[21:27:25] IMAP< * OK [UIDNEXT 82] Predicted next UID. 
[21:27:25] IMAP< * OK [HIGHESTMODSEQ 32101] 
[21:27:25] IMAP< 5 OK [READ-WRITE] INBOX selected. (Success) 
[21:27:25] IMAP- [fetching UIDs...]
[21:27:25] IMAP> 6 UID FETCH 1:* (UID) 
[21:27:25] IMAP< * 1 FETCH (UID 69) 
[21:27:25] IMAP< * 2 FETCH (UID 71) 
[21:27:25] IMAP< * 3 FETCH (UID 73) 
[21:27:25] IMAP< * 4 FETCH (UID 74) 
[21:27:25] IMAP< * 5 FETCH (UID 75) 
[21:27:25] IMAP< * 6 FETCH (UID 76) 
[21:27:25] IMAP< 6 OK Success 
[21:27:25] IMAP- [fetching flags...]
[21:27:25] IMAP> 7 UID FETCH 1:* (FLAGS UID) 
[21:27:25] IMAP< [FETCH data - 130 bytes]
[21:27:25] IMAP< [data - 74 bytes]
[21:27:25] IMAP< 7 OK Success 
[21:27:25] IMAP> 8 STATUS Sent (MESSAGES UIDNEXT UIDVALIDITY UNSEEN) 
[21:27:26] IMAP< * STATUS "Sent" (MESSAGES 0 UIDNEXT 4 UIDVALIDITY 14 UNSEEN 0) 
[21:27:26] IMAP< 8 OK Success 
[21:27:26] IMAP> 9 STATUS Drafts (MESSAGES UIDNEXT UIDVALIDITY UNSEEN) 
[21:27:26] IMAP< * STATUS "Drafts" (MESSAGES 0 UIDNEXT 1 UIDVALIDITY 15 UNSEEN 0) 
[21:27:26] IMAP< 9 OK Success 
[21:27:26] IMAP> 10 STATUS Queue (MESSAGES UIDNEXT UIDVALIDITY UNSEEN) 
[21:27:26] IMAP< * STATUS "Queue" (MESSAGES 0 UIDNEXT 4 UIDVALIDITY 13 UNSEEN 0) 
[21:27:26] IMAP< 10 OK Success 
[21:27:26] IMAP> 11 STATUS Trash (MESSAGES UIDNEXT UIDVALIDITY UNSEEN) 
[21:27:26] IMAP< * STATUS "Trash" (MESSAGES 7 UIDNEXT 12 UIDVALIDITY 12 UNSEEN 0) 
[21:27:26] IMAP< 11 OK Success 
[21:27:26] IMAP> 12 STATUS "[Gmail]/All Mail" (MESSAGES UIDNEXT UIDVALIDITY UNSEEN) 
[21:27:26] IMAP< * STATUS "[Gmail]/All Mail" (MESSAGES 29 UIDNEXT 372 UIDVALIDITY 11 UNSEEN 0) 
[21:27:26] IMAP< 12 OK Success 
[21:27:26] IMAP> 13 STATUS "[Gmail]/Drafts" (MESSAGES UIDNEXT UIDVALIDITY UNSEEN) 
[21:27:26] IMAP< * STATUS "[Gmail]/Drafts" (MESSAGES 1 UIDNEXT 238 UIDVALIDITY 6 UNSEEN 0) 
[21:27:26] IMAP< 13 OK Success 
[21:27:26] IMAP> 14 STATUS "[Gmail]/Important" (MESSAGES UIDNEXT UIDVALIDITY UNSEEN) 
[21:27:26] IMAP< * STATUS "[Gmail]/Important" (MESSAGES 18 UIDNEXT 81 UIDVALIDITY 9 UNSEEN 0) 
[21:27:26] IMAP< 14 OK Success 
[21:27:26] * message: Account 'Personal': Connecting to IMAP server: imap.gmail.com:993...
[21:27:27] IMAP< * OK Gimap ready for requests from 77.42.227.197 s16-v6mb112864732ljj 
[21:27:27] * message: IMAP connection is un-authenticated
[21:27:27] IMAP> 1 CAPABILITY 
[21:27:27] IMAP< * CAPABILITY IMAP4rev1 UNSELECT IDLE NAMESPACE QUOTA ID XLIST CHILDREN X-GM-EXT-1 XYZZY SASL-IR AUTH=XOAUTH2 AUTH=PLAIN AUTH=PLAIN-CLIENTTOKEN AUTH=OAUTHBEARER AUTH=XOAUTH 
[21:27:27] IMAP< 1 OK Thats all she wrote! s16-v6mb112864732ljj 
[21:27:27] IMAP> Logging yasserkaddoura19@gmail.com to imap.gmail.com using plaintext
[21:27:28] IMAP< yasser.kaddoura19@gmail.com authenticated (Success)
[21:27:28] IMAP< Login to imap.gmail.com successful
[21:27:28] IMAP> 3 LIST "" "" 
[21:27:29] IMAP< * LIST (\Noselect) "/" "/" 
[21:27:29] IMAP< 3 OK Success 
[21:27:29] IMAP> 4 STATUS INBOX (MESSAGES UIDNEXT UIDVALIDITY UNSEEN) 
[21:27:29] IMAP< * STATUS "INBOX" (MESSAGES 84 UIDNEXT 106 UIDVALIDITY 1 UNSEEN 1) 
[21:27:29] IMAP< 4 OK Success 
[21:27:29] IMAP> 5 SELECT INBOX 
[21:27:29] IMAP< * FLAGS (\Answered \Flagged \Draft \Deleted \Seen $NotPhishing $Phishing) 
[21:27:29] IMAP< * OK [PERMANENTFLAGS (\Answered \Flagged \Draft \Deleted \Seen $NotPhishing $Phishing \*)] Flags permitted. 
[21:27:29] IMAP< * OK [UIDVALIDITY 1] UIDs valid. 
[21:27:29] IMAP< * 84 EXISTS 
[21:27:29] IMAP< * 0 RECENT 
[21:27:29] IMAP< * OK [UIDNEXT 1
[21:27:29] IMAP< 06] Predicted next UID. 
[21:27:29] IMAP< * OK [HIGHESTMODSEQ 16898] 
[21:27:29] IMAP< 5 OK [READ-WRITE] INBOX selected. (Success) 
[21:27:29] IMAP- [fetching UIDs...]
[21:27:29] IMAP> 6 UID FETCH 1:* (UID) 
[21:27:29] IMAP< [FETCH data - 514 bytes]
[21:27:29] IMAP< [FETCH data - 1026 bytes]
[21:27:29] IMAP< [FETCH data - 234 bytes]
[21:27:29] IMAP> 7 UID FETCH 98,101:105 (UID FLAGS RFC822.SIZE BODY.PEEK[HEADER.FIELDS (Date From To Cc Subject Message-ID References In-Reply-To)]) 
[21:27:30] IMAP< [FETCH data - 1026 bytes]
[21:27:30] IMAP< [FETCH data - 1311 bytes]
[21:27:30] IMAP< 7 OK Success 
[21:27:30] IMAP- [fetching flags...]
[21:27:30] IMAP> 8 UID FETCH 1:* (FLAGS UID) 
[21:27:30] IMAP< [FETCH data - 1026 bytes]
[21:27:30] IMAP< [FETCH data - 1387 bytes]
[21:27:30] IMAP< [FETCH data - 518 bytes]
[21:27:30] IMAP< 8 OK Success 
[21:27:30] IMAP> 9 STATUS Sent (MESSAGES UIDNEXT UIDVALIDITY UNSEEN) 
[21:27:30] IMAP< * STATUS "Sent" (MESSAGES 0 UIDNEXT 1 UIDVALIDITY 15 UNSEEN 0) 
[21:27:30] IMAP< 9 OK Success 
[21:27:30] IMAP> 10 STATUS Drafts (MESSAGES UIDNEXT UIDVALIDITY UNSEEN) 
[21:27:30] IMAP< * STATUS "Drafts" (MESSAGES 0 UIDNEXT 1 UIDVALIDITY 16 UNSEEN 0) 
[21:27:30] IMAP< 10 OK Success 
[21:27:30] IMAP> 11 STATUS Queue (MESSAGES UIDNEXT UIDVALIDITY UNSEEN) 
[21:27:31] IMAP< * STATUS "Queue" (MESSAGES 0 UIDNEXT 1 UIDVALIDITY 14 UNSEEN 0) 
[21:27:31] IMAP< 11 OK Success 
[21:27:31] IMAP> 12 STATUS Trash (MESSAGES UIDNEXT UIDVALIDITY UNSEEN) 
[21:27:31] IMAP< * STATUS "Trash" (MESSAGES 2 UIDNEXT 3 UIDVALIDITY 13 UNSEEN 0) 
[21:27:31] IMAP< 12 OK Success 
[21:27:31] IMAP> 13 STATUS "[Gmail]/All Mail" (MESSAGES UIDNEXT UIDVALIDITY UNSEEN) 
[21:27:31] IMAP< * STATUS "[Gmail]/All Mail" (MESSAGES 87 UIDNEXT 106 UIDVALIDITY 12 UNSEEN 1) 
[21:27:31] IMAP< 13 OK Success 
[21:27:31] IMAP> 14 STATUS "[Gmail]/Drafts" (MESSAGES UIDNEXT UIDVALIDITY UNSEEN) 
[21:27:31] IMAP< * STATUS "[Gmail]/Drafts" (MESSAGES 0 UIDNEXT 1 UIDVALIDITY 6 UNSEEN 0) 
[21:27:31] IMAP< 14 OK Success 
[21:27:31] IMAP> 15 STATUS "[Gmail]/Important" (MESSAGES UIDNEXT UIDVALIDITY UNSEEN) 
[21:27:32] IMAP< * STATUS "[Gmail]/Important" (MESSAGES 39 UIDNEXT 42 UIDVALIDITY 9 UNSEEN 1) 
[21:27:32] IMAP< 15 OK Success 
[21:27:32] IMAP> 16 STATUS "[Gmail]/Sent Mail" (MESSAGES UIDNEXT UIDVALIDITY UNSEEN) 
[21:27:32] IMAP< * STATUS "[Gmail]/Sent Mail" (MESSAGES 0 UIDNEXT 1 UIDVALIDITY 5 UNSEEN 0) 
[21:27:32] IMAP< 16 OK Success 
[21:27:32] IMAP> 17 STATUS "[Gmail]/Spam" (MESSAGES UIDNEXT UIDVALIDITY UNSEEN) 
[21:27:32] IMAP< * STATUS "[Gmail]/Spam" (MESSAGES 0 UIDNEXT 2 UIDVALIDITY 3 UNSEEN 0) 
[21:27:32] IMAP< 17 OK Success 
[21:27:32] IMAP> 18 STATUS "[Gmail]/Starred" (MESSAGES UIDNEXT UIDVALIDITY UNSEEN) 
[21:27:32] IMAP< * STATUS "[Gmail]/Starred" (MESSAGES 0 UIDNEXT 4 UIDVALIDITY 4 UNSEEN 0) 
[21:27:32] IMAP< 18 OK Success 
[21:27:32] IMAP> 19 STATUS "[Gmail]/Trash" (MESSAGES UIDNEXT UIDVALIDITY UNSEEN) 
[21:27:33] IMAP< * STATUS "[Gmail]/Trash" (MESSAGES 1 UIDNEXT 18 UIDVALIDITY 2 UNSEEN 0) 
[21:27:33] IMAP< 19 OK Success 
[21:27:33] IMAP> 11 NOOP 
[21:27:34] IMAP< 11 OK NOOP completed. 
[21:27:34] IMAP- [fetching UIDs...]
[21:27:34] IMAP> 12 UID FETCH 1:* (UID) 
[21:27:34] IMAP< [FETCH data - 476 bytes]
[21:27:34] IMAP- [fetching flags...]
[21:27:34] IMAP> 13 UID FETCH 1:* (FLAGS UID) 
[21:27:34] IMAP< [FETCH data - 756 bytes]
[21:27:34] IMAP> 14 STATUS "INBOX.Sent" (MESSAGES UIDNEXT UIDVALIDITY UNSEEN) 
[21:27:34] IMAP< * STATUS INBOX.Sent (MESSAGES 6 UIDNEXT 14 UIDVALIDITY 1504791804 UNSEEN 0) 
[21:27:34] IMAP< 14 OK Status completed (0.000 + 0.000 secs). 
[21:27:34] IMAP> 15 STATUS "INBOX.Queue" (MESSAGES UIDNEXT UIDVALIDITY UNSEEN) 
[21:27:35] IMAP< * STATUS INBOX.Queue (MESSAGES 0 UIDNEXT 1 UIDVALIDITY 1533818130 UNSEEN 0) 
[21:27:35] IMAP< 15 OK Status completed (0.000 + 0.000 secs). 
[21:27:35] IMAP> 16 STATUS "INBOX.Trash" (MESSAGES UIDNEXT UIDVALIDITY UNSEEN) 
[21:27:35] IMAP< * STATUS INBOX.Trash (MESSAGES 0 UIDNEXT 1 UIDVALIDITY 1533818131 UNSEEN 0) 
[21:27:35] IMAP< 16 OK Status completed (0.000 + 0.000 secs). 
[21:27:35] IMAP> 15 NOOP 
[21:27:35] IMAP< 15 OK Success 
[21:27:35] IMAP- [fetching UIDs...]
[21:27:35] IMAP> 16 UID FETCH 1:* (UID) 
[21:27:35] IMAP< * 1 FETCH (UID 69) 
[21:27:35] IMAP< * 2 FETCH (UID 71) 
[21:27:35] IMAP< * 3 FETCH (UID 73) 
[21:27:35] IMAP< * 4 FE
[21:27:35] IMAP< [data - 69 bytes]
[21:27:35] IMAP- [fetching flags...]
[21:27:35] IMAP> 17 UID FETCH 1:* (FLAGS UID) 
[21:27:35] IMAP< * 1 FETCH (UID 69 FLAGS (\Seen)) 
[21:27:35] IMAP< * 2 FETCH (UID 71 FLAGS (\Seen))
[21:27:35] IMAP< [FETCH data - 130 bytes]
[21:27:35] IMAP< Seen)) 
[21:27:35] IMAP< 17 OK Success 
[21:27:35] IMAP> 18 STATUS Sent (MESSAGES UIDNEXT UIDVALIDITY UNSEEN) 
[21:27:35] IMAP< * STATUS "Sent" (MESSAGES 0 UIDNEXT 4 UIDVALIDITY 14 UNSEEN 0) 
[21:27:35] IMAP< 18 OK Success 
[21:27:35] IMAP> 19 STATUS Drafts (MESSAGES UIDNEXT UIDVALIDITY UNSEEN) 
[21:27:36] IMAP< * STATUS "Drafts" (MESSAGES 0 UIDNEXT 1 UIDVALIDITY 15 UNSEEN 0) 
[21:27:36] IMAP< 19 OK Success 
[21:27:36] IMAP> 20 STATUS Queue (MESSAGES UIDNEXT UIDVALIDITY UNSEEN) 
[21:27:36] IMAP< * STATUS "Queue" (MESSAGES 0 UIDNEXT 4 UIDVALIDITY 13 UNSEEN 0) 
[21:27:36] IMAP< 20 OK Success 
[21:27:36] IMAP> 21 STATUS Trash (MESSAGES UIDNEXT UIDVALIDITY UNSEEN) 
[21:27:36] IMAP< * STATUS "Trash" (MESSAGES 7 UIDNEXT 12 UIDVALIDITY 12 UNSEEN 0) 
[21:27:36] IMAP< 21 OK Success 
[21:27:36] IMAP> 22 STATUS "[Gmail]/All Mail" (MESSAGES UIDNEXT UIDVALIDITY UNSEEN) 
[21:27:36] IMAP< * STATUS "[Gmail]/All Mail" (MESSAGES 29 UIDNEXT 372 UIDVALIDITY 11 UNSEEN 0) 
[21:27:36] IMAP< 22 OK Success 
[21:27:36] IMAP> 23 STATUS "[Gmail]/Drafts" (MESSAGES UIDNEXT UIDVALIDITY UNSEEN) 
[21:27:36] IMAP< * STATUS "[Gmail]/Drafts" (MESSAGES 1 UIDNEXT 238 UIDVALIDITY 6 UNSEEN 0) 
[21:27:36] IMAP< 23 OK Success 
[21:27:36] IMAP> 24 STATUS "[Gmail]/Important" (MESSAGES UIDNEXT UIDVALIDITY UNSEEN) 
[21:27:36] IMAP< * STATUS "[Gmail]/Important" (MESSAGES 18 UIDNEXT 81 UIDVALIDITY 9 UNSEEN 0) 
[21:27:36] IMAP< 24 OK Success 
[21:27:36] IMAP> 20 NOOP 
[21:27:37] IMAP< 20 OK Success 
[21:27:37] IMAP- [fetching UIDs...]
[21:27:37] IMAP> 21 UID FETCH 1:* (UID) 
[21:27:37] IMAP< * 1 FETCH (UID 10) 
[21:27:37] IMAP< * 2 FETCH (UID 19) 
[21:27:37] IMAP< * 3 FETCH (UID 20) 
[21:27:37] IMAP< * 4 FE
[21:27:37] IMAP< [FETCH data - 1387 bytes]
[21:27:37] IMAP< [FETCH data - 322 bytes]
[21:27:37] IMAP- [fetching flags...]
[21:27:37] IMAP> 22 UID FETCH 1:* (FLAGS UID) 
[21:27:37] IMAP< [FETCH data - 1026 bytes]
[21:27:37] IMAP< [FETCH data - 1387 bytes]
[21:27:37] IMAP< [FETCH data - 533 bytes]
[21:27:37] IMAP> 23 STATUS Sent (MESSAGES UIDNEXT UIDVALIDITY UNSEEN) 
[21:27:37] IMAP< * STATUS "Sent" (MESSAGES 0 UIDNEXT 1 UIDVALIDITY 15 UNSEEN 0) 
[21:27:37] IMAP< 23 OK Success 
[21:27:37] IMAP> 24 STATUS Drafts (MESSAGES UIDNEXT UIDVALIDITY UNSEEN) 
[21:27:38] IMAP< * STATUS "Drafts" (MESSAGES 0 UIDNEXT 1 UIDVALIDITY 16 UNSEEN 0) 
[21:27:38] IMAP< 24 OK Success 
[21:27:38] IMAP> 25 STATUS Queue (MESSAGES UIDNEXT UIDVALIDITY UNSEEN) 
[21:27:38] IMAP< * STATUS "Queue" (MESSAGES 0 UIDNEXT 1 UIDVALIDITY 14 UNSEEN 0) 
[21:27:38] IMAP< 25 OK Success 
[21:27:38] IMAP> 26 STATUS Trash (MESSAGES UIDNEXT UIDVALIDITY UNSEEN) 
[21:27:38] IMAP< * STATUS "Trash" (MESSAGES 2 UIDNEXT 3 UIDVALIDITY 13 UNSEEN 0) 
[21:27:38] IMAP< 26 OK Success 
[21:27:38] IMAP> 27 STATUS "[Gmail]/All Mail" (MESSAGES UIDNEXT UIDVALIDITY UNSEEN) 
[21:27:38] IMAP< * STATUS "[Gmail]/All Mail" (MESSAGES 87 UIDNEXT 106 UIDVALIDITY 12 UNSEEN 1) 
[21:27:38] IMAP< 27 OK Success 
[21:27:38] IMAP> 28 STATUS "[Gmail]/Drafts" (MESSAGES UIDNEXT UIDVALIDITY UNSEEN) 
[21:27:39] IMAP< * STATUS "[Gmail]/Drafts" (MESSAGES 0 UIDNEXT 1 UIDVALIDITY 6 UNSEEN 0) 
[21:27:39] IMAP< 28 OK Success 
[21:27:39] IMAP> 29 STATUS "[Gmail]/Important" (MESSAGES UIDNEXT UIDVALIDITY UNSEEN) 
[21:27:39] IMAP< * STATUS "[Gmail]/Important" (MESSAGES 39 UIDNEXT 42 UIDVALIDITY 9 UNSEEN 1) 
[21:27:39] IMAP< 29 OK Success 
[21:27:39] IMAP> 30 STATUS "[Gmail]/Sent Mail" (MESSAGES UIDNEXT UIDVALIDITY UNSEEN) 
[21:27:39] IMAP< * STATUS "[Gmail]/Sent Mail" (MESSAGES 0 UIDNEXT 1 UIDVALIDITY 5 UNSEEN 0) 
[21:27:39] IMAP< 30 OK Success 
[21:27:39] IMAP> 31 STATUS "[Gmail]/Spam" (MESSAGES UIDNEXT UIDVALIDITY UNSEEN) 
[21:27:39] IMAP< * STATUS "[Gmail]/Spam" (MESSAGES 0 UIDNEXT 2 UIDVALIDITY 3 UNSEEN 0) 
[21:27:39] IMAP< 31 OK Success 
[21:27:39] IMAP> 32 STATUS "[Gmail]/Starred" (MESSAGES UIDNEXT UIDVALIDITY UNSEEN) 
[21:27:40] IMAP< * STATUS "[Gmail]/Starred" (MESSAGES 0 UIDNEXT 4 UIDVALIDITY 4 UNSEEN 0) 
[21:27:40] IMAP< 32 OK Success 
[21:27:40] IMAP> 33 STATUS "[Gmail]/Trash" (MESSAGES UIDNEXT UIDVALIDITY UNSEEN) 
[21:27:40] IMAP< * STATUS "[Gmail]/Trash" (MESSAGES 1 UIDNEXT 18 UIDVALIDITY 2 UNSEEN 0) 
[21:27:40] IMAP< 33 OK Success 
