[10:42:35] * message: creating IMAP4 connection to imap.gmail.com:993 ...
[10:42:49] IMAP4< * OK Gimap ready for requests from 78.40.183.234 p90mb615690326edd
[10:42:49] IMAP4> 1 CAPABILITY
[10:42:49] IMAP4< * CAPABILITY IMAP4rev1 UNSELECT IDLE NAMESPACE QUOTA ID XLIST CHILDREN X-GM-EXT-1 XYZZY SASL-IR AUTH=XOAUTH2 AUTH=PLAIN AUTH=PLAIN-CLIENTTOKEN AUTH=OAUTHBEARER AUTH=XOAUTH
[10:42:49] IMAP4< 1 OK Thats all she wrote! p90mb615690326edd
[10:42:49] IMAP4> 2 AUTHENTICATE PLAIN
[10:42:49] IMAP4< + 
[10:42:49] IMAP4> ****************
[10:42:50] IMAP4< * CAPABILITY IMAP4rev1 UNSELECT IDLE NAMESPACE QUOTA ID XLIST CHILDREN X-GM-EXT-1 UIDPLUS COMPRESS=DEFLATE ENABLE MOVE CONDSTORE ESEARCH UTF8=ACCEPT LIST-EXTENDED LIST-STATUS LITERAL- SPECIAL-USE APPENDLIMIT=35651584
[10:42:50] IMAP4< 2 OK yasserkaddouralearn@gmail.com authenticated (Success)
[10:42:50] IMAP4> 3 NAMESPACE
[10:42:50] IMAP4< * NAMESPACE (("" "/")) NIL NIL
[10:42:50] IMAP4< 3 OK Success
[10:42:50] IMAP4> 4 SELECT INBOX
[10:42:51] IMAP4< * FLAGS (\Answered \Flagged \Draft \Deleted \Seen $Forwarded $NotPhishing $Phishing Junk NonJunk)
[10:42:51] IMAP4< * OK [PERMANENTFLAGS (\Answered \Flagged \Draft \Deleted \Seen $Forwarded $NotPhishing $Phishing Junk NonJunk \*)] Flags permitted.
[10:42:51] IMAP4< * OK [UIDVALIDITY 1] UIDs valid.
[10:42:51] IMAP4< * 2 EXISTS
[10:42:51] IMAP4< * 0 RECENT
[10:42:51] IMAP4< * OK [UIDNEXT 952] Predicted next UID.
[10:42:51] IMAP4< * OK [HIGHESTMODSEQ 169850]
[10:42:51] IMAP4< 4 OK [READ-WRITE] INBOX selected. (Success)
[10:42:51] IMAP4> 5 UID FETCH 1:* (UID FLAGS)
[10:42:51] IMAP4< (retrieving FLAGS...)
[10:42:51] IMAP4< 5 OK Success
[10:42:51] IMAP4> 6 UID FETCH 951:951 (UID FLAGS RFC822.SIZE RFC822.HEADER)
[10:42:51] IMAP4< * 2 FETCH (UID 951 RFC822.SIZE 5361 RFC822.HEADER {4958}
[10:42:51] IMAP4< 6 OK Success
[10:42:51] IMAP4> 7 UID FETCH 951 BODY.PEEK[]
[10:42:51] IMAP4< * 2 FETCH (UID 951 BODY[] {5361}
[10:42:51] IMAP4< )
[10:42:51] IMAP4< 7 OK Success
[10:43:25] IMAP4> 8 STATUS INBOX (MESSAGES RECENT UIDNEXT UIDVALIDITY UNSEEN)
[10:43:25] IMAP4< * STATUS "INBOX" (MESSAGES 3 RECENT 0 UIDNEXT 953 UIDVALIDITY 1 UNSEEN 1)
[10:43:25] IMAP4< * 3 EXISTS
[10:43:25] IMAP4< * 2 FETCH (UID 951 FLAGS (\Seen))
[10:43:25] IMAP4< 8 OK Success
[10:43:25] IMAP4> 9 STATUS Trash (MESSAGES RECENT UIDNEXT UIDVALIDITY UNSEEN)
[10:43:25] IMAP4< * STATUS "Trash" (MESSAGES 0 RECENT 0 UIDNEXT 2 UIDVALIDITY 12 UNSEEN 0)
[10:43:25] IMAP4< 9 OK Success
[10:43:25] IMAP4> 10 STATUS "[Gmail]/All Mail" (MESSAGES RECENT UIDNEXT UIDVALIDITY UNSEEN)
[10:43:25] IMAP4< * STATUS "[Gmail]/All Mail" (MESSAGES 4 RECENT 0 UIDNEXT 1179 UIDVALIDITY 11 UNSEEN 1)
[10:43:25] IMAP4< 10 OK Success
[10:43:25] IMAP4> 11 STATUS "[Gmail]/Drafts" (MESSAGES RECENT UIDNEXT UIDVALIDITY UNSEEN)
[10:43:25] IMAP4< * STATUS "[Gmail]/Drafts" (MESSAGES 0 RECENT 0 UIDNEXT 189 UIDVALIDITY 6 UNSEEN 0)
[10:43:25] IMAP4< 11 OK Success
[10:43:25] IMAP4> 12 STATUS "[Gmail]/Important" (MESSAGES RECENT UIDNEXT UIDVALIDITY UNSEEN)
[10:43:25] IMAP4< * STATUS "[Gmail]/Important" (MESSAGES 3 RECENT 0 UIDNEXT 603 UIDVALIDITY 9 UNSEEN 1)
[10:43:25] IMAP4< 12 OK Success
[10:43:25] IMAP4> 13 STATUS "[Gmail]/Sent Mail" (MESSAGES RECENT UIDNEXT UIDVALIDITY UNSEEN)
[10:43:26] IMAP4< * STATUS "[Gmail]/Sent Mail" (MESSAGES 1 RECENT 0 UIDNEXT 32 UIDVALIDITY 5 UNSEEN 0)
[10:43:26] IMAP4< 13 OK Success
[10:43:26] IMAP4> 14 STATUS "[Gmail]/Spam" (MESSAGES RECENT UIDNEXT UIDVALIDITY UNSEEN)
[10:43:26] IMAP4< * STATUS "[Gmail]/Spam" (MESSAGES 0 RECENT 0 UIDNEXT 8 UIDVALIDITY 3 UNSEEN 0)
[10:43:26] IMAP4< 14 OK Success
[10:43:26] IMAP4> 15 STATUS "[Gmail]/Starred" (MESSAGES RECENT UIDNEXT UIDVALIDITY UNSEEN)
[10:43:26] IMAP4< * STATUS "[Gmail]/Starred" (MESSAGES 0 RECENT 0 UIDNEXT 4 UIDVALIDITY 4 UNSEEN 0)
[10:43:26] IMAP4< 15 OK Success
[10:43:26] IMAP4> 16 STATUS "[Gmail]/Trash" (MESSAGES RECENT UIDNEXT UIDVALIDITY UNSEEN)
[10:43:26] IMAP4< * STATUS "[Gmail]/Trash" (MESSAGES 39 RECENT 0 UIDNEXT 992 UIDVALIDITY 2 UNSEEN 0)
[10:43:26] IMAP4< 16 OK Success
[10:43:26] IMAP4> 17 CLOSE
[10:43:26] IMAP4< 17 OK Returned to authenticated state. (Success)
[10:43:27] IMAP4> 18 SELECT INBOX
[10:43:27] IMAP4< * FLAGS (\Answered \Flagged \Draft \Deleted \Seen $Forwarded $NotPhishing $Phishing Junk NonJunk)
[10:43:27] IMAP4< * OK [PERMANENTFLAGS (\Answered \Flagged \Draft \Deleted \Seen $Forwarded $NotPhishing $Phishing Junk NonJunk \*)] Flags permitted.
[10:43:27] IMAP4< * OK [UIDVALIDITY 1] UIDs valid.
[10:43:27] IMAP4< * 3 EXISTS
[10:43:27] IMAP4< * 0 RECENT
[10:43:27] IMAP4< * OK [UIDNEXT 953] Predicted next UID.
[10:43:27] IMAP4< * OK [HIGHESTMODSEQ 169952]
[10:43:27] IMAP4< 18 OK [READ-WRITE] INBOX selected. (Success)
[10:43:27] IMAP4> 19 UID FETCH 1:* (UID FLAGS)
[10:43:27] IMAP4< (retrieving FLAGS...)
[10:43:27] IMAP4< 19 OK Success
[10:43:27] IMAP4> 20 UID FETCH 952:952 (UID FLAGS RFC822.SIZE RFC822.HEADER)
[10:43:27] IMAP4< * 3 FETCH (UID 952 RFC822.SIZE 5679 RFC822.HEADER {5189}
[10:43:27] IMAP4< 20 OK Success
[10:43:27] GdkPixbuf-DEBUG: gdk_pixbuf_from_pixdata() called on:
[10:43:27] GdkPixbuf-DEBUG: 	Encoding rle
[10:43:27] GdkPixbuf-DEBUG: 	Dimensions: 48 x 48
[10:43:27] GdkPixbuf-DEBUG: 	Rowstride: 192, Length: 4630
[10:43:27] GdkPixbuf-DEBUG: 	Copy pixels == false
[10:43:49] IMAP4> 21 UID FETCH 952 BODY.PEEK[]
[10:43:49] IMAP4< * 3 FETCH (UID 952 BODY[] {5679}
[10:43:49] IMAP4< )
[10:43:49] IMAP4< 21 OK Success
[10:43:49] IMAP4> 22 UID STORE 952 +FLAGS.SILENT (\Seen)
[10:43:49] IMAP4< * 3 FETCH (UID 952 FLAGS (\Seen))
[10:43:49] IMAP4< 22 OK Success
